2026-07-10 14:58:10,989 [WARN] from com.jpro.internal.server.ViewSerializerActor in application-akka.actor.default-dispatcher-17 - Unexpected message form client, closing session.
2026-07-10 14:58:10,994 [INFO] from com.jpro.internal.stats.ViewInfo$ in JavaFX Application Thread - 
2026-07-10 14:58:10,994 [INFO] from com.jpro.internal.stats.ViewInfo$ in JavaFX Application Thread - Application closed:
2026-07-10 14:58:11,003 [INFO] from com.jpro.internal.stats.ViewInfo$ in JavaFX Application Thread - startTime      : Fri Jul 10 14:58:10 JST 2026      
2026-07-10 14:58:11,003 [INFO] from com.jpro.internal.stats.ViewInfo$ in JavaFX Application Thread - averageLatency : 00:00:00.000 
2026-07-10 14:58:11,003 [INFO] from com.jpro.internal.stats.ViewInfo$ in JavaFX Application Thread - averageJitter  : 00:00:00.000  
2026-07-10 14:58:11,004 [INFO] from com.jpro.internal.stats.ViewInfo$ in JavaFX Application Thread - framerateServer: 00:00:00.000
2026-07-10 14:58:11,004 [INFO] from com.jpro.internal.stats.ViewInfo$ in JavaFX Application Thread - framerateClient: 00:00:00.000
2026-07-10 14:58:11,004 [INFO] from com.jpro.internal.stats.ViewInfo$ in JavaFX Application Thread - raw            : 17605224
2026-07-10 14:58:11,004 [INFO] from com.jpro.internal.stats.ViewInfo$ in JavaFX Application Thread - zipped         : 6763539
2026-07-10 14:58:11,004 [INFO] from com.jpro.internal.stats.ViewInfo$ in JavaFX Application Thread - 
2026-07-10 14:58:11,985 [INFO] from com.jpro.internal.communicator.InstanceImpl in JavaFX Application Thread - closing window!
2026-07-10 15:31:30,146 [INFO] from akka.event.slf4j.Slf4jLogger in application-akka.actor.default-dispatcher-5 - Slf4jLogger started
2026-07-10 15:31:30,556 [INFO] from play.api.Play in Thread-0 - Application started (Prod) (no global state)
2026-07-10 15:31:30,927 [INFO] from play.core.server.AkkaHttpServer in Thread-0 - Enabling HTTP/2 on Akka HTTP server...
2026-07-10 15:31:30,927 [INFO] from play.core.server.AkkaHttpServer in Thread-0 - Listening for HTTP on /[0:0:0:0:0:0:0:0]:8080
2026-07-10 15:31:31,141 [INFO] from com.jpro.activity in application-akka.actor.default-dispatcher-8 - Starting the server
2026-07-10 15:31:31,142 [INFO] from com.jpro.internal.server.Initializer$ in application-akka.actor.default-dispatcher-8 -  *** Starting JPro: https://www.jpro.one/ ***
2026-07-10 15:31:31,142 [INFO] from com.jpro.internal.server.Initializer$ in application-akka.actor.default-dispatcher-8 - OS: Windows 11
2026-07-10 15:31:31,151 [INFO] from com.jpro.internal.server.Initializer$ in application-akka.actor.default-dispatcher-8 - JPro: 2022.1.1
2026-07-10 15:31:31,151 [INFO] from com.jpro.internal.server.Initializer$ in application-akka.actor.default-dispatcher-8 - Java version: 17.0.18
2026-07-10 15:31:31,151 [INFO] from com.jpro.internal.server.Initializer$ in application-akka.actor.default-dispatcher-8 - JVM: 17.0.18 Eclipse Adoptium
2026-07-10 15:31:31,161 [INFO] from com.jpro.internal.server.Initializer$ in application-akka.actor.default-dispatcher-8 - JavaFX jar: file:/C:/Users/EMD-569/.m2/repository/org/openjfx/javafx-graphics/18.0.1-jpro+0/javafx-graphics-18.0.1-jpro+0-win.jar
2026-07-10 15:31:31,171 [INFO] from com.jpro.internal.server.Initializer$ in application-akka.actor.default-dispatcher-8 - redirected OUT / ERR
2026-07-10 15:31:31,171 [INFO] from com.jpro.internal.server.Initializer$ in application-akka.actor.default-dispatcher-8 - installed SLF4JBridge
2026-07-10 15:31:31,236 [WARN] from javafx in application-akka.actor.default-dispatcher-8 - Unsupported JavaFX configuration: classes were loaded from 'unnamed module @1a0b8103'
2026-07-10 15:31:31,600 [INFO] from com.jpro.internal.server.Initializer$ in JavaFX Application Thread - JavaFX version: 18.0.1-jpro+0-2022-04-04-072947
2026-07-10 15:31:31,632 [INFO] from com.jpro.internal.server.Initializer$ in application-akka.actor.default-dispatcher-8 - finished init!
2026-07-10 15:31:31,962 [INFO] from controllers.jpro in application-akka.actor.default-dispatcher-8 - application requested: default
2026-07-10 15:31:31,968 [INFO] from controllers.jpro in application-akka.actor.default-dispatcher-8 - Creating Application: default
2026-07-10 15:31:31,971 [INFO] from controllers.jpro in application-akka.actor.default-dispatcher-8 - remoteAddress 0:0:0:0:0:0:0:1
2026-07-10 15:31:31,972 [INFO] from controllers.jpro in application-akka.actor.default-dispatcher-8 - host          localhost:8080
2026-07-10 15:31:31,972 [INFO] from controllers.jpro in application-akka.actor.default-dispatcher-8 - uri           /app/ws/default
2026-07-10 15:31:33,018 [INFO] from com.jpro.JS in JavaFX Application Thread - received msg: new MainID: 469 userid: 1699389858
2026-07-10 15:31:34,706 [INFO] from com.jpro.meta.stream.Util$ in JavaFX Application Thread - workaround for image, lossless: true filetype: png img: javafx.scene.image.Image@c18e479
2026-07-10 15:31:34,786 [INFO] from com.jpro.meta.stream.Util$ in JavaFX Application Thread - workaround for image, lossless: true filetype: png img: javafx.scene.image.Image@5879a4f0
2026-07-10 15:31:34,841 [INFO] from com.jpro.meta.stream.Util$ in JavaFX Application Thread - workaround for image, lossless: true filetype: png img: javafx.scene.image.Image@312c173d
2026-07-10 15:31:34,922 [INFO] from com.jpro.meta.stream.Util$ in JavaFX Application Thread - workaround for image, lossless: true filetype: png img: javafx.scene.image.Image@15f23fb0
2026-07-10 15:31:35,306 [INFO] from com.jpro.meta.stream.Util$ in JavaFX Application Thread - workaround for image, lossless: true filetype: png img: javafx.scene.image.Image@45230c84
2026-07-10 15:31:35,354 [INFO] from com.jpro.JS in JavaFX Application Thread - received msg: new MainID: 991 userid: 1699389858
2026-07-10 15:31:41,304 [INFO] from com.jpro.meta.stream.Util$ in JavaFX Application Thread - workaround for image, lossless: true filetype: png img: javafx.scene.image.Image@6a7b0a2
2026-07-10 15:31:41,371 [INFO] from com.jpro.meta.stream.Util$ in JavaFX Application Thread - workaround for image, lossless: true filetype: png img: javafx.scene.image.Image@7953a534
2026-07-10 15:31:41,426 [INFO] from com.jpro.meta.stream.Util$ in JavaFX Application Thread - workaround for image, lossless: true filetype: png img: javafx.scene.image.Image@183f72bc
2026-07-10 15:31:41,472 [INFO] from com.jpro.meta.stream.Util$ in JavaFX Application Thread - workaround for image, lossless: true filetype: png img: javafx.scene.image.Image@3a445115
2026-07-10 15:31:41,509 [INFO] from com.jpro.meta.stream.Util$ in JavaFX Application Thread - workaround for image, lossless: true filetype: png img: javafx.scene.image.Image@391dfbf6
2026-07-10 15:31:41,545 [INFO] from com.jpro.meta.stream.Util$ in JavaFX Application Thread - workaround for image, lossless: true filetype: png img: javafx.scene.image.Image@24dd7f45
2026-07-10 15:31:41,582 [INFO] from com.jpro.meta.stream.Util$ in JavaFX Application Thread - workaround for image, lossless: true filetype: png img: javafx.scene.image.Image@f54c5ef
2026-07-10 15:31:41,601 [INFO] from com.jpro.meta.stream.Util$ in JavaFX Application Thread - workaround for image, lossless: true filetype: png img: javafx.scene.image.Image@4f43af3f
2026-07-10 15:31:41,622 [INFO] from com.jpro.meta.stream.Util$ in JavaFX Application Thread - workaround for image, lossless: true filetype: png img: javafx.scene.image.Image@5a00ff3f
2026-07-10 15:31:41,641 [INFO] from com.jpro.meta.stream.Util$ in JavaFX Application Thread - workaround for image, lossless: true filetype: png img: javafx.scene.image.Image@1cad6f1a
2026-07-10 15:31:41,756 [INFO] from com.jpro.JS in JavaFX Application Thread - received msg: new MainID: 1809 userid: 1699389858
2026-07-10 15:31:50,314 [INFO] from com.jpro.meta.stream.Util$ in JavaFX Application Thread - workaround for image, lossless: true filetype: png img: javafx.scene.image.Image@68f0ffe
2026-07-10 15:31:50,844 [INFO] from com.jpro.JS in JavaFX Application Thread - received msg: new MainID: 2756 userid: 1699389858
2026-07-10 15:31:52,548 [INFO] from com.jpro.meta.stream.Util$ in JavaFX Application Thread - workaround for image, lossless: true filetype: png img: javafx.scene.image.Image@42bc856
2026-07-10 15:31:52,696 [INFO] from com.jpro.meta.stream.Util$ in JavaFX Application Thread - workaround for image, lossless: true filetype: png img: javafx.scene.image.Image@314cef44
2026-07-10 15:31:52,729 [INFO] from com.jpro.meta.stream.Util$ in JavaFX Application Thread - workaround for image, lossless: true filetype: png img: javafx.scene.image.Image@558a8daa
2026-07-10 15:31:52,793 [INFO] from com.jpro.meta.stream.Util$ in JavaFX Application Thread - workaround for image, lossless: true filetype: png img: javafx.scene.image.Image@b477516
2026-07-10 15:31:53,154 [INFO] from com.jpro.meta.stream.Util$ in JavaFX Application Thread - workaround for image, lossless: true filetype: png img: javafx.scene.image.Image@4454960c
2026-07-10 15:31:53,540 [INFO] from com.jpro.meta.stream.Util$ in JavaFX Application Thread - workaround for image, lossless: true filetype: png img: javafx.scene.image.Image@2235d916
2026-07-10 15:31:53,585 [INFO] from com.jpro.meta.stream.Util$ in JavaFX Application Thread - workaround for image, lossless: true filetype: png img: javafx.scene.image.Image@3393b92b
2026-07-10 15:31:53,608 [INFO] from com.jpro.JS in JavaFX Application Thread - received msg: new MainID: 3335 userid: 1699389858
2026-07-10 15:31:56,125 [WARN] from com.jpro.internal.server.ViewSerializerActor in application-akka.actor.default-dispatcher-12 - Unexpected message form client, closing session.
2026-07-10 15:31:56,130 [INFO] from com.jpro.internal.stats.ViewInfo$ in JavaFX Application Thread - 
2026-07-10 15:31:56,130 [INFO] from com.jpro.internal.stats.ViewInfo$ in JavaFX Application Thread - Application closed:
2026-07-10 15:31:56,138 [INFO] from com.jpro.internal.stats.ViewInfo$ in JavaFX Application Thread - startTime      : Fri Jul 10 15:31:56 JST 2026      
2026-07-10 15:31:56,138 [INFO] from com.jpro.internal.stats.ViewInfo$ in JavaFX Application Thread - averageLatency : 00:00:00.001 
2026-07-10 15:31:56,138 [INFO] from com.jpro.internal.stats.ViewInfo$ in JavaFX Application Thread - averageJitter  : 00:00:00.000  
2026-07-10 15:31:56,138 [INFO] from com.jpro.internal.stats.ViewInfo$ in JavaFX Application Thread - framerateServer: 00:00:00.000
2026-07-10 15:31:56,139 [INFO] from com.jpro.internal.stats.ViewInfo$ in JavaFX Application Thread - framerateClient: 00:00:00.000
2026-07-10 15:31:56,139 [INFO] from com.jpro.internal.stats.ViewInfo$ in JavaFX Application Thread - raw            : 5985631
2026-07-10 15:31:56,139 [INFO] from com.jpro.internal.stats.ViewInfo$ in JavaFX Application Thread - zipped         : 1580616
2026-07-10 15:31:56,139 [INFO] from com.jpro.internal.stats.ViewInfo$ in JavaFX Application Thread - 
2026-07-10 15:31:57,131 [INFO] from com.jpro.internal.communicator.InstanceImpl in JavaFX Application Thread - closing window!
