2026-07-09 13:02:47,205 [INFO] in scala-execution-context-global-48 - [info] c.j.i.s.Initializer$ - redirected OUT / ERR
2026-07-09 13:02:47,247 [INFO] in scala-execution-context-global-48 - [info] c.j.i.s.Initializer$ - installed SLF4JBridge
2026-07-09 13:02:47,267 [INFO] in scala-execution-context-global-54 - [warn] javafx - Unsupported JavaFX configuration: classes were loaded from 'unnamed module @2463fca6'
2026-07-09 13:02:47,695 [INFO] in scala-execution-context-global-54 - [info] c.j.i.s.Initializer$ - JavaFX version: 18.0.1-jpro+0-2022-04-04-072947
2026-07-09 13:02:47,725 [INFO] in scala-execution-context-global-54 - [info] c.j.i.s.Initializer$ - finished init!
2026-07-09 13:02:48,124 [INFO] in scala-execution-context-global-54 - [info] c.jpro - application requested: default
2026-07-09 13:02:48,136 [INFO] in scala-execution-context-global-54 - [info] c.jpro - Creating Application: default
2026-07-09 13:02:48,140 [INFO] in scala-execution-context-global-54 - [info] c.jpro - remoteAddress 0:0:0:0:0:0:0:1
2026-07-09 13:02:48,141 [INFO] in scala-execution-context-global-54 - [info] c.jpro - host          localhost:8080
2026-07-09 13:02:48,141 [INFO] in scala-execution-context-global-54 - [info] c.jpro - uri           /app/ws/default
2026-07-09 13:02:48,553 [INFO] in scala-execution-context-global-54 - 【成功】フォントを読み込みました。名前: PixelMplus12 Regular
2026-07-09 13:02:49,510 [INFO] in scala-execution-context-global-48 - [info] com.jpro.JS - received msg: new MainID: 437 userid: 400898592
2026-07-09 13:03:05,009 [INFO] in scala-execution-context-global-48 - [info] c.jpro - application requested: default
2026-07-09 13:03:05,010 [INFO] in scala-execution-context-global-48 - [info] c.jpro - Creating Application: default
2026-07-09 13:03:05,010 [INFO] in scala-execution-context-global-48 - [info] c.jpro - remoteAddress 192.168.102.6
2026-07-09 13:03:05,010 [INFO] in scala-execution-context-global-48 - [info] c.jpro - host          192.168.102.16:8080
2026-07-09 13:03:05,010 [INFO] in scala-execution-context-global-48 - [info] c.jpro - uri           /app/ws/default
2026-07-09 13:03:05,114 [INFO] in scala-execution-context-global-54 - 【成功】フォントを読み込みました。名前: PixelMplus12 Regular
2026-07-09 13:03:05,224 [INFO] in scala-execution-context-global-48 - [info] com.jpro.JS - received msg: new MainID: 437 userid: 537825736
2026-07-09 13:03:09,467 [INFO] in scala-execution-context-global-48 - [info] com.jpro.JS - received msg: new MainID: 1728 userid: 537825736
2026-07-09 13:03:10,896 [INFO] in scala-execution-context-global-48 - 【成功】フォントを読み込みました。名前: PixelMplus12 Regular
2026-07-09 13:03:10,958 [INFO] in scala-execution-context-global-48 - [info] com.jpro.JS - received msg: new MainID: 2165 userid: 537825736
2026-07-09 13:03:12,516 [INFO] in scala-execution-context-global-54 - [info] c.j.m.s.Util$ - workaround for image, lossless: true filetype: png img: javafx.scene.image.Image@1bd2a95a
2026-07-09 13:03:12,838 [INFO] in scala-execution-context-global-48 - [info] com.jpro.JS - received msg: new MainID: 2477 userid: 537825736
2026-07-09 13:03:15,033 [INFO] in scala-execution-context-global-48 - [warn] c.j.i.s.ViewSerializerActor - Unexpected message form client, closing session.
2026-07-09 13:03:15,036 [INFO] in scala-execution-context-global-48 - [info] c.j.i.s.ViewInfo$ - 
2026-07-09 13:03:15,037 [INFO] in scala-execution-context-global-48 - [info] c.j.i.s.ViewInfo$ - Application closed:
2026-07-09 13:03:15,041 [INFO] in scala-execution-context-global-48 - [info] c.j.i.s.ViewInfo$ - startTime      : Thu Jul 09 13:03:15 JST 2026      
2026-07-09 13:03:15,041 [INFO] in scala-execution-context-global-48 - [info] c.j.i.s.ViewInfo$ - averageLatency : 00:00:00.158 
2026-07-09 13:03:15,041 [INFO] in scala-execution-context-global-54 - [info] c.j.i.s.ViewInfo$ - averageJitter  : 00:00:00.002  
2026-07-09 13:03:15,042 [INFO] in scala-execution-context-global-48 - [info] c.j.i.s.ViewInfo$ - framerateServer: 00:00:00.000
2026-07-09 13:03:15,042 [INFO] in scala-execution-context-global-48 - [info] c.j.i.s.ViewInfo$ - framerateClient: 00:00:00.000
2026-07-09 13:03:15,042 [INFO] in scala-execution-context-global-48 - [info] c.j.i.s.ViewInfo$ - raw            : 418676
2026-07-09 13:03:15,042 [INFO] in scala-execution-context-global-48 - [info] c.j.i.s.ViewInfo$ - zipped         : 102484
2026-07-09 13:03:15,042 [INFO] in scala-execution-context-global-48 - [info] c.j.i.s.ViewInfo$ - 
2026-07-09 13:03:15,140 [INFO] in scala-execution-context-global-310 - [info] c.jpro - application requested: default
2026-07-09 13:03:15,140 [INFO] in scala-execution-context-global-310 - [info] c.jpro - Creating Application: default
2026-07-09 13:03:15,141 [INFO] in scala-execution-context-global-310 - [info] c.jpro - remoteAddress 192.168.102.6
2026-07-09 13:03:15,141 [INFO] in scala-execution-context-global-310 - [info] c.jpro - host          192.168.102.16:8080
2026-07-09 13:03:15,141 [INFO] in scala-execution-context-global-310 - [info] c.jpro - uri           /app/ws/default
2026-07-09 13:03:15,178 [INFO] in scala-execution-context-global-310 - 【成功】フォントを読み込みました。名前: PixelMplus12 Regular
2026-07-09 13:03:15,249 [INFO] in scala-execution-context-global-310 - [info] com.jpro.JS - received msg: new MainID: 437 userid: 303272159
2026-07-09 13:03:16,032 [INFO] in scala-execution-context-global-310 - [info] c.j.i.c.InstanceImpl - closing window!
2026-07-09 13:03:22,695 [ERROR] in scala-execution-context-global-310 - Exception in thread "JavaFX Application Thread" java.lang.IllegalStateException: Not on FX application thread; currentThread = JavaFX Application Thread
2026-07-09 13:03:22,695 [ERROR] in scala-execution-context-global-310 - 	at com.sun.javafx.tk.Toolkit.checkFxUserThread(Toolkit.java:297)
2026-07-09 13:03:22,696 [ERROR] in scala-execution-context-global-310 - 	at com.sun.javafx.tk.quantum.QuantumToolkit.checkFxUserThread(QuantumToolkit.java:464)
2026-07-09 13:03:22,696 [ERROR] in scala-execution-context-global-310 - 	at javafx.scene.Scene$ScenePulseListener.synchronizeSceneNodes(Scene.java:2408)
2026-07-09 13:03:22,696 [ERROR] in scala-execution-context-global-310 - 	at javafx.scene.Scene.synchronizeSceneNodesWithLock(Scene.java:1323)
2026-07-09 13:03:22,696 [ERROR] in scala-execution-context-global-310 - 	at javafx.scene.Scene.lambda$new$0(Scene.java:749)
2026-07-09 13:03:22,696 [ERROR] in scala-execution-context-global-310 - 	at com.sun.javafx.tk.Toolkit.lambda$runPulse$2(Toolkit.java:408)
2026-07-09 13:03:22,696 [ERROR] in scala-execution-context-global-310 - 	at java.base/java.security.AccessController.doPrivileged(AccessController.java:399)
2026-07-09 13:03:22,696 [ERROR] in scala-execution-context-global-54 - 	at com.sun.javafx.tk.Toolkit.runPulse(Toolkit.java:407)
2026-07-09 13:03:22,696 [ERROR] in scala-execution-context-global-54 - 	at com.sun.javafx.tk.Toolkit.firePulse(Toolkit.java:447)
2026-07-09 13:03:22,696 [ERROR] in scala-execution-context-global-54 - 	at com.sun.javafx.tk.quantum.QuantumToolkit.pulse(QuantumToolkit.java:585)
2026-07-09 13:03:22,696 [ERROR] in scala-execution-context-global-54 - 	at com.sun.javafx.tk.quantum.QuantumToolkit.pulse(QuantumToolkit.java:565)
2026-07-09 13:03:22,696 [ERROR] in scala-execution-context-global-54 - 	at com.sun.javafx.tk.quantum.QuantumToolkit.pulseFromQueue(QuantumToolkit.java:558)
2026-07-09 13:03:22,696 [ERROR] in scala-execution-context-global-54 - 	at com.sun.javafx.tk.quantum.QuantumToolkit.lambda$runToolkit$12(QuantumToolkit.java:358)
2026-07-09 13:03:22,696 [ERROR] in scala-execution-context-global-54 - 	at com.sun.glass.ui.monocle.RunnableProcessor.runLoop(RunnableProcessor.java:92)
2026-07-09 13:03:22,696 [ERROR] in scala-execution-context-global-54 - 	at com.sun.glass.ui.monocle.RunnableProcessor.run(RunnableProcessor.java:51)
2026-07-09 13:03:22,696 [ERROR] in scala-execution-context-global-54 - 	at java.base/java.lang.Thread.run(Thread.java:840)
2026-07-09 13:03:37,674 [INFO] in scala-execution-context-global-310 - [warn] c.j.i.s.ViewSerializerActor - Unexpected message form client, closing session.
